<?xml version="1.0" encoding="UTF-8"?>
<testsuite name="Command line test" failures="2" tests="2" time="0.0020" errors="0">
  <properties/>
  <testcase name="testTheGoogle" time="0.0" classname="au.com.onegeek.lambda.tests.runtimegenerated.eatmyTests">
    <failure type="java.lang.NullPointerException">
      <![CDATA[java.lang.NullPointerException
	at au.com.onegeek.lambda.core.CommandRunner.runCommand(CommandRunner.java:139)
	at au.com.onegeek.lambda.core.Test.executeCommand(Test.java:64)
	at au.com.onegeek.lambda.tests.runtimegenerated.eatmyTests.testTheGoogle(eatmyTests.java)
	at java.util.concurrent.ThreadPoolExecutor$Worker.runTask(ThreadPoolExecutor.java:886)
	at java.util.concurrent.ThreadPoolExecutor$Worker.run(ThreadPoolExecutor.java:908)
	at java.lang.Thread.run(Thread.java:680)
... Removed 20 stack frames]]>
    </failure>
  </testcase>
  <testcase name="testTheGoogle" time="0.0" classname="au.com.onegeek.lambda.tests.runtimegenerated.eatmyTests">
    <failure type="java.lang.NullPointerException">
      <![CDATA[java.lang.NullPointerException
	at au.com.onegeek.lambda.core.CommandRunner.runCommand(CommandRunner.java:139)
	at au.com.onegeek.lambda.core.Test.executeCommand(Test.java:64)
	at au.com.onegeek.lambda.tests.runtimegenerated.eatmyTests.testTheGoogle(eatmyTests.java)
	at java.util.concurrent.ThreadPoolExecutor$Worker.runTask(ThreadPoolExecutor.java:886)
	at java.util.concurrent.ThreadPoolExecutor$Worker.run(ThreadPoolExecutor.java:908)
	at java.lang.Thread.run(Thread.java:680)
... Removed 20 stack frames]]>
    </failure>
  </testcase>
</testsuite>
